<?xml version="1.0" encoding="UTF-8"?>
<!-- Generated by org.testng.reporters.JUnitXMLReporter -->
<testsuite ignored="0" hostname="DESKTOP-FO2N1H3" failures="1" tests="3" name="Test" time="7.707" errors="0" timestamp="17 Jul 2022 18:22:19 GMT">
  <testcase classname="com.training.jenkins.SampleSeleniumDemo" name="validateAmazonAccount" time="6.693">
    <failure type="java.lang.AssertionError">
      <![CDATA[java.lang.AssertionError: 
at com.training.jenkins.SampleSeleniumDemo.validateAmazonAccount(SampleSeleniumDemo.java:39)
... Removed 28 stack frames]]>
    </failure>
  </testcase> <!-- validateAmazonAccount -->
  <testcase classname="com.training.jenkins.JenkinsCalTest" name="testAddNum" time="0.004"/>
  <testcase classname="com.training.jenkins.JenkinsCalTest" name="testMulNum" time="0.003"/>
</testsuite> <!-- Test -->
