<?xml version="1.0" encoding="UTF-8"?>
<testng-results ignored="0" total="3" passed="2" failed="1" skipped="0">
  <reporter-output>
  </reporter-output>
  <suite started-at="2022-07-17T18:22:11Z" name="Suite" finished-at="2022-07-17T18:22:19Z" duration-ms="7707">
    <groups>
    </groups>
    <test started-at="2022-07-17T18:22:11Z" name="Test" finished-at="2022-07-17T18:22:19Z" duration-ms="7707">
      <class name="com.training.jenkins.JenkinsCalTest">
        <test-method signature="testAddNum()[pri:0, instance:com.training.jenkins.JenkinsCalTest@d278d2b]" started-at="2022-07-17T18:22:19Z" name="testAddNum" finished-at="2022-07-17T18:22:19Z" duration-ms="4" status="PASS">
          <reporter-output>
          </reporter-output>
        </test-method> <!-- testAddNum -->
        <test-method signature="testMulNum()[pri:0, instance:com.training.jenkins.JenkinsCalTest@d278d2b]" started-at="2022-07-17T18:22:19Z" name="testMulNum" finished-at="2022-07-17T18:22:19Z" duration-ms="3" status="PASS">
          <reporter-output>
          </reporter-output>
        </test-method> <!-- testMulNum -->
      </class> <!-- com.training.jenkins.JenkinsCalTest -->
      <class name="com.training.jenkins.SampleSeleniumDemo">
        <test-method is-config="true" signature="launchBrowser()[pri:0, instance:com.training.jenkins.SampleSeleniumDemo@38ba6ce3]" started-at="2022-07-17T18:22:11Z" name="launchBrowser" finished-at="2022-07-17T18:22:12Z" duration-ms="850" status="PASS">
          <reporter-output>
          </reporter-output>
        </test-method> <!-- launchBrowser -->
        <test-method signature="validateAmazonAccount()[pri:0, instance:com.training.jenkins.SampleSeleniumDemo@38ba6ce3]" started-at="2022-07-17T18:22:12Z" name="validateAmazonAccount" finished-at="2022-07-17T18:22:19Z" duration-ms="6693" status="FAIL">
          <exception class="java.lang.AssertionError">
            <full-stacktrace>
              <![CDATA[java.lang.AssertionError: 
at org.testng.AssertJUnit.fail(AssertJUnit.java:59)
at org.testng.AssertJUnit.assertTrue(AssertJUnit.java:24)
at org.testng.AssertJUnit.assertTrue(AssertJUnit.java:33)
at com.training.jenkins.SampleSeleniumDemo.validateAmazonAccount(SampleSeleniumDemo.java:39)
at java.base/jdk.internal.reflect.NativeMethodAccessorImpl.invoke0(Native Method)
at java.base/jdk.internal.reflect.NativeMethodAccessorImpl.invoke(NativeMethodAccessorImpl.java:77)
at java.base/jdk.internal.reflect.DelegatingMethodAccessorImpl.invoke(DelegatingMethodAccessorImpl.java:43)
at java.base/java.lang.reflect.Method.invoke(Method.java:568)
at org.testng.internal.MethodInvocationHelper.invokeMethod(MethodInvocationHelper.java:124)
at org.testng.internal.Invoker.invokeMethod(Invoker.java:583)
at org.testng.internal.Invoker.invokeTestMethod(Invoker.java:719)
at org.testng.internal.Invoker.invokeTestMethods(Invoker.java:989)
at org.testng.internal.TestMethodWorker.invokeTestMethods(TestMethodWorker.java:125)
at org.testng.internal.TestMethodWorker.run(TestMethodWorker.java:109)
at org.testng.TestRunner.privateRun(TestRunner.java:648)
at org.testng.TestRunner.run(TestRunner.java:505)
at org.testng.SuiteRunner.runTest(SuiteRunner.java:455)
at org.testng.SuiteRunner.runSequentially(SuiteRunner.java:450)
at org.testng.SuiteRunner.privateRun(SuiteRunner.java:415)
at org.testng.SuiteRunner.run(SuiteRunner.java:364)
at org.testng.SuiteRunnerWorker.runSuite(SuiteRunnerWorker.java:52)
at org.testng.SuiteRunnerWorker.run(SuiteRunnerWorker.java:84)
at org.testng.TestNG.runSuitesSequentially(TestNG.java:1208)
at org.testng.TestNG.runSuitesLocally(TestNG.java:1137)
at org.testng.TestNG.runSuites(TestNG.java:1049)
at org.testng.TestNG.run(TestNG.java:1017)
at org.testng.remote.AbstractRemoteTestNG.run(AbstractRemoteTestNG.java:115)
at org.testng.remote.RemoteTestNG.initAndRun(RemoteTestNG.java:251)
at org.testng.remote.RemoteTestNG.main(RemoteTestNG.java:77)
]]>
            </full-stacktrace>
          </exception> <!-- java.lang.AssertionError -->
          <reporter-output>
          </reporter-output>
        </test-method> <!-- validateAmazonAccount -->
        <test-method is-config="true" signature="closeBrowser()[pri:0, instance:com.training.jenkins.SampleSeleniumDemo@38ba6ce3]" started-at="2022-07-17T18:22:19Z" name="closeBrowser" finished-at="2022-07-17T18:22:19Z" duration-ms="140" status="PASS">
          <reporter-output>
          </reporter-output>
        </test-method> <!-- closeBrowser -->
      </class> <!-- com.training.jenkins.SampleSeleniumDemo -->
    </test> <!-- Test -->
  </suite> <!-- Suite -->
</testng-results>
